

Microchip MPLAB XC8 Assembler V3.00 build 20241204225717 
                                                                                               Wed Jun 18 12:59:41 2025

Microchip MPLAB XC8 C Compiler v3.00 (Free license) build 20241204225717 Og1 
     1                           	processor	16F877A
     2                           	pagewidth 120
     3                           	opt	flic
     4                           	psect	idataCOMMON,global,class=CODE,space=0,delta=2,noexec
     5                           	psect	strings,global,class=STRING,space=0,delta=2,noexec
     6                           	psect	cinit,global,class=CODE,space=0,merge=1,delta=2
     7                           	psect	bssCOMMON,global,class=COMMON,space=1,delta=1,noexec
     8                           	psect	dataCOMMON,global,class=COMMON,space=1,delta=1,noexec
     9                           	psect	cstackCOMMON,global,class=COMMON,space=1,delta=1,noexec
    10                           	psect	maintext,global,class=CODE,space=0,split=1,delta=2
    11                           	psect	text1,local,class=CODE,space=0,merge=1,delta=2
    12                           	psect	text2,local,class=CODE,space=0,merge=1,delta=2
    13                           	psect	text3,local,class=CODE,space=0,merge=1,delta=2
    14                           	psect	text4,local,class=CODE,space=0,merge=1,delta=2
    15                           	psect	text5,local,class=CODE,space=0,merge=1,delta=2
    16                           	psect	text6,local,class=CODE,space=0,merge=1,delta=2
    17                           	psect	text7,local,class=CODE,space=0,merge=1,delta=2
    18                           	psect	text8,local,class=CODE,space=0,merge=1,delta=2
    19                           	psect	text9,local,class=CODE,space=0,merge=1,delta=2
    20                           	psect	intentry,global,class=CODE,space=0,delta=2
    21                           	psect	config,global,abs,ovrld,class=CONFIG,space=4,delta=2,noexec
    22                           	dabs	1,0x7E,2
    23     0000                     
    24                           ; Generated 12/10/2023 GMT
    25                           ; 
    26                           ; Copyright © 2023, Microchip Technology Inc. and its subsidiaries ("Microchip")
    27                           ; All rights reserved.
    28                           ; 
    29                           ; This software is developed by Microchip Technology Inc. and its subsidiaries ("Microch
      +                          ip").
    30                           ; 
    31                           ; Redistribution and use in source and binary forms, with or without modification, are
    32                           ; permitted provided that the following conditions are met:
    33                           ; 
    34                           ;     1. Redistributions of source code must retain the above copyright notice, this lis
      +                          t of
    35                           ;        conditions and the following disclaimer.
    36                           ; 
    37                           ;     2. Redistributions in binary form must reproduce the above copyright notice, this 
      +                          list
    38                           ;        of conditions and the following disclaimer in the documentation and/or other
    39                           ;        materials provided with the distribution. Publication is not required when
    40                           ;        this file is used in an embedded application.
    41                           ; 
    42                           ;     3. Microchip's name may not be used to endorse or promote products derived from th
      +                          is
    43                           ;        software without specific prior written permission.
    44                           ; 
    45                           ; THIS SOFTWARE IS PROVIDED BY MICROCHIP "AS IS" AND ANY EXPRESS OR IMPLIED WARRANTIES,
    46                           ; INCLUDING, BUT NOT LIMITED TO, THE IMPLIED WARRANTIES OF MERCHANTABILITY AND FITNESS F
      +                          OR
    47                           ; PURPOSE ARE DISCLAIMED.  IN NO EVENT SHALL MICROCHIP BE LIABLE FOR ANY DIRECT, INDIREC
      +                          T,
    48                           ; INCIDENTAL, SPECIAL, EXEMPLARY, OR CONSEQUENTIAL DAMAGES (INCLUDING BUT NOT LIMITED TO
    49                           ; PROCUREMENT OF SUBSTITUTE GOODS OR SERVICES; LOSS OF USE, DATA OR PROFITS; OR BUSINESS
    50                           ; INTERRUPTION) HOWSOEVER CAUSED AND ON ANY THEORY OF LIABILITY, WHETHER IN CONTRACT, ST
      +                          RICT
    51                           ; LIABILITY, OR TORT (INCLUDING NEGLIGENCE OR OTHERWISE) ARISING IN ANY WAY OUT OF THE U
      +                          SE OF
    52                           ; THIS SOFTWARE, EVEN IF ADVISED OF THE POSSIBILITY OF SUCH DAMAGE.
    53                           ; 
    54                           ; 
    55                           ; Code-generator required, PIC16F877A Definitions
    56                           ; 
    57                           ; SFR Addresses
    58     0004                     fsr             equ	4
    59     0004                     fsr0            equ	4
    60     0000                     indf            equ	0
    61     0000                     indf0           equ	0
    62     0002                     pc              equ	2
    63     0002                     pcl             equ	2
    64     000A                     pclath          equ	10
    65     0003                     status          equ	3
    66     0000                     INDF            equ	0	;# 
    67     0001                     TMR0            equ	1	;# 
    68     0002                     PCL             equ	2	;# 
    69     0003                     STATUS          equ	3	;# 
    70     0004                     FSR             equ	4	;# 
    71     0005                     PORTA           equ	5	;# 
    72     0006                     PORTB           equ	6	;# 
    73     0007                     PORTC           equ	7	;# 
    74     0008                     PORTD           equ	8	;# 
    75     0009                     PORTE           equ	9	;# 
    76     000A                     PCLATH          equ	10	;# 
    77     000B                     INTCON          equ	11	;# 
    78     000C                     PIR1            equ	12	;# 
    79     000D                     PIR2            equ	13	;# 
    80     000E                     TMR1            equ	14	;# 
    81     000E                     TMR1L           equ	14	;# 
    82     000F                     TMR1H           equ	15	;# 
    83     0010                     T1CON           equ	16	;# 
    84     0011                     TMR2            equ	17	;# 
    85     0012                     T2CON           equ	18	;# 
    86     0013                     SSPBUF          equ	19	;# 
    87     0014                     SSPCON          equ	20	;# 
    88     0015                     CCPR1           equ	21	;# 
    89     0015                     CCPR1L          equ	21	;# 
    90     0016                     CCPR1H          equ	22	;# 
    91     0017                     CCP1CON         equ	23	;# 
    92     0018                     RCSTA           equ	24	;# 
    93     0019                     TXREG           equ	25	;# 
    94     001A                     RCREG           equ	26	;# 
    95     001B                     CCPR2           equ	27	;# 
    96     001B                     CCPR2L          equ	27	;# 
    97     001C                     CCPR2H          equ	28	;# 
    98     001D                     CCP2CON         equ	29	;# 
    99     001E                     ADRESH          equ	30	;# 
   100     001F                     ADCON0          equ	31	;# 
   101     0081                     OPTION_REG      equ	129	;# 
   102     0085                     TRISA           equ	133	;# 
   103     0086                     TRISB           equ	134	;# 
   104     0087                     TRISC           equ	135	;# 
   105     0088                     TRISD           equ	136	;# 
   106     0089                     TRISE           equ	137	;# 
   107     008C                     PIE1            equ	140	;# 
   108     008D                     PIE2            equ	141	;# 
   109     008E                     PCON            equ	142	;# 
   110     0091                     SSPCON2         equ	145	;# 
   111     0092                     PR2             equ	146	;# 
   112     0093                     SSPADD          equ	147	;# 
   113     0094                     SSPSTAT         equ	148	;# 
   114     0098                     TXSTA           equ	152	;# 
   115     0099                     SPBRG           equ	153	;# 
   116     009C                     CMCON           equ	156	;# 
   117     009D                     CVRCON          equ	157	;# 
   118     009E                     ADRESL          equ	158	;# 
   119     009F                     ADCON1          equ	159	;# 
   120     010C                     EEDATA          equ	268	;# 
   121     010D                     EEADR           equ	269	;# 
   122     010E                     EEDATH          equ	270	;# 
   123     010F                     EEADRH          equ	271	;# 
   124     018C                     EECON1          equ	396	;# 
   125     018D                     EECON2          equ	397	;# 
   126     0000                     INDF            equ	0	;# 
   127     0001                     TMR0            equ	1	;# 
   128     0002                     PCL             equ	2	;# 
   129     0003                     STATUS          equ	3	;# 
   130     0004                     FSR             equ	4	;# 
   131     0005                     PORTA           equ	5	;# 
   132     0006                     PORTB           equ	6	;# 
   133     0007                     PORTC           equ	7	;# 
   134     0008                     PORTD           equ	8	;# 
   135     0009                     PORTE           equ	9	;# 
   136     000A                     PCLATH          equ	10	;# 
   137     000B                     INTCON          equ	11	;# 
   138     000C                     PIR1            equ	12	;# 
   139     000D                     PIR2            equ	13	;# 
   140     000E                     TMR1            equ	14	;# 
   141     000E                     TMR1L           equ	14	;# 
   142     000F                     TMR1H           equ	15	;# 
   143     0010                     T1CON           equ	16	;# 
   144     0011                     TMR2            equ	17	;# 
   145     0012                     T2CON           equ	18	;# 
   146     0013                     SSPBUF          equ	19	;# 
   147     0014                     SSPCON          equ	20	;# 
   148     0015                     CCPR1           equ	21	;# 
   149     0015                     CCPR1L          equ	21	;# 
   150     0016                     CCPR1H          equ	22	;# 
   151     0017                     CCP1CON         equ	23	;# 
   152     0018                     RCSTA           equ	24	;# 
   153     0019                     TXREG           equ	25	;# 
   154     001A                     RCREG           equ	26	;# 
   155     001B                     CCPR2           equ	27	;# 
   156     001B                     CCPR2L          equ	27	;# 
   157     001C                     CCPR2H          equ	28	;# 
   158     001D                     CCP2CON         equ	29	;# 
   159     001E                     ADRESH          equ	30	;# 
   160     001F                     ADCON0          equ	31	;# 
   161     0081                     OPTION_REG      equ	129	;# 
   162     0085                     TRISA           equ	133	;# 
   163     0086                     TRISB           equ	134	;# 
   164     0087                     TRISC           equ	135	;# 
   165     0088                     TRISD           equ	136	;# 
   166     0089                     TRISE           equ	137	;# 
   167     008C                     PIE1            equ	140	;# 
   168     008D                     PIE2            equ	141	;# 
   169     008E                     PCON            equ	142	;# 
   170     0091                     SSPCON2         equ	145	;# 
   171     0092                     PR2             equ	146	;# 
   172     0093                     SSPADD          equ	147	;# 
   173     0094                     SSPSTAT         equ	148	;# 
   174     0098                     TXSTA           equ	152	;# 
   175     0099                     SPBRG           equ	153	;# 
   176     009C                     CMCON           equ	156	;# 
   177     009D                     CVRCON          equ	157	;# 
   178     009E                     ADRESL          equ	158	;# 
   179     009F                     ADCON1          equ	159	;# 
   180     010C                     EEDATA          equ	268	;# 
   181     010D                     EEADR           equ	269	;# 
   182     010E                     EEDATH          equ	270	;# 
   183     010F                     EEADRH          equ	271	;# 
   184     018C                     EECON1          equ	396	;# 
   185     018D                     EECON2          equ	397	;# 
   186     0000                     INDF            equ	0	;# 
   187     0001                     TMR0            equ	1	;# 
   188     0002                     PCL             equ	2	;# 
   189     0003                     STATUS          equ	3	;# 
   190     0004                     FSR             equ	4	;# 
   191     0005                     PORTA           equ	5	;# 
   192     0006                     PORTB           equ	6	;# 
   193     0007                     PORTC           equ	7	;# 
   194     0008                     PORTD           equ	8	;# 
   195     0009                     PORTE           equ	9	;# 
   196     000A                     PCLATH          equ	10	;# 
   197     000B                     INTCON          equ	11	;# 
   198     000C                     PIR1            equ	12	;# 
   199     000D                     PIR2            equ	13	;# 
   200     000E                     TMR1            equ	14	;# 
   201     000E                     TMR1L           equ	14	;# 
   202     000F                     TMR1H           equ	15	;# 
   203     0010                     T1CON           equ	16	;# 
   204     0011                     TMR2            equ	17	;# 
   205     0012                     T2CON           equ	18	;# 
   206     0013                     SSPBUF          equ	19	;# 
   207     0014                     SSPCON          equ	20	;# 
   208     0015                     CCPR1           equ	21	;# 
   209     0015                     CCPR1L          equ	21	;# 
   210     0016                     CCPR1H          equ	22	;# 
   211     0017                     CCP1CON         equ	23	;# 
   212     0018                     RCSTA           equ	24	;# 
   213     0019                     TXREG           equ	25	;# 
   214     001A                     RCREG           equ	26	;# 
   215     001B                     CCPR2           equ	27	;# 
   216     001B                     CCPR2L          equ	27	;# 
   217     001C                     CCPR2H          equ	28	;# 
   218     001D                     CCP2CON         equ	29	;# 
   219     001E                     ADRESH          equ	30	;# 
   220     001F                     ADCON0          equ	31	;# 
   221     0081                     OPTION_REG      equ	129	;# 
   222     0085                     TRISA           equ	133	;# 
   223     0086                     TRISB           equ	134	;# 
   224     0087                     TRISC           equ	135	;# 
   225     0088                     TRISD           equ	136	;# 
   226     0089                     TRISE           equ	137	;# 
   227     008C                     PIE1            equ	140	;# 
   228     008D                     PIE2            equ	141	;# 
   229     008E                     PCON            equ	142	;# 
   230     0091                     SSPCON2         equ	145	;# 
   231     0092                     PR2             equ	146	;# 
   232     0093                     SSPADD          equ	147	;# 
   233     0094                     SSPSTAT         equ	148	;# 
   234     0098                     TXSTA           equ	152	;# 
   235     0099                     SPBRG           equ	153	;# 
   236     009C                     CMCON           equ	156	;# 
   237     009D                     CVRCON          equ	157	;# 
   238     009E                     ADRESL          equ	158	;# 
   239     009F                     ADCON1          equ	159	;# 
   240     010C                     EEDATA          equ	268	;# 
   241     010D                     EEADR           equ	269	;# 
   242     010E                     EEDATH          equ	270	;# 
   243     010F                     EEADRH          equ	271	;# 
   244     018C                     EECON1          equ	396	;# 
   245     018D                     EECON2          equ	397	;# 
   246     0000                     INDF            equ	0	;# 
   247     0001                     TMR0            equ	1	;# 
   248     0002                     PCL             equ	2	;# 
   249     0003                     STATUS          equ	3	;# 
   250     0004                     FSR             equ	4	;# 
   251     0005                     PORTA           equ	5	;# 
   252     0006                     PORTB           equ	6	;# 
   253     0007                     PORTC           equ	7	;# 
   254     0008                     PORTD           equ	8	;# 
   255     0009                     PORTE           equ	9	;# 
   256     000A                     PCLATH          equ	10	;# 
   257     000B                     INTCON          equ	11	;# 
   258     000C                     PIR1            equ	12	;# 
   259     000D                     PIR2            equ	13	;# 
   260     000E                     TMR1            equ	14	;# 
   261     000E                     TMR1L           equ	14	;# 
   262     000F                     TMR1H           equ	15	;# 
   263     0010                     T1CON           equ	16	;# 
   264     0011                     TMR2            equ	17	;# 
   265     0012                     T2CON           equ	18	;# 
   266     0013                     SSPBUF          equ	19	;# 
   267     0014                     SSPCON          equ	20	;# 
   268     0015                     CCPR1           equ	21	;# 
   269     0015                     CCPR1L          equ	21	;# 
   270     0016                     CCPR1H          equ	22	;# 
   271     0017                     CCP1CON         equ	23	;# 
   272     0018                     RCSTA           equ	24	;# 
   273     0019                     TXREG           equ	25	;# 
   274     001A                     RCREG           equ	26	;# 
   275     001B                     CCPR2           equ	27	;# 
   276     001B                     CCPR2L          equ	27	;# 
   277     001C                     CCPR2H          equ	28	;# 
   278     001D                     CCP2CON         equ	29	;# 
   279     001E                     ADRESH          equ	30	;# 
   280     001F                     ADCON0          equ	31	;# 
   281     0081                     OPTION_REG      equ	129	;# 
   282     0085                     TRISA           equ	133	;# 
   283     0086                     TRISB           equ	134	;# 
   284     0087                     TRISC           equ	135	;# 
   285     0088                     TRISD           equ	136	;# 
   286     0089                     TRISE           equ	137	;# 
   287     008C                     PIE1            equ	140	;# 
   288     008D                     PIE2            equ	141	;# 
   289     008E                     PCON            equ	142	;# 
   290     0091                     SSPCON2         equ	145	;# 
   291     0092                     PR2             equ	146	;# 
   292     0093                     SSPADD          equ	147	;# 
   293     0094                     SSPSTAT         equ	148	;# 
   294     0098                     TXSTA           equ	152	;# 
   295     0099                     SPBRG           equ	153	;# 
   296     009C                     CMCON           equ	156	;# 
   297     009D                     CVRCON          equ	157	;# 
   298     009E                     ADRESL          equ	158	;# 
   299     009F                     ADCON1          equ	159	;# 
   300     010C                     EEDATA          equ	268	;# 
   301     010D                     EEADR           equ	269	;# 
   302     010E                     EEDATH          equ	270	;# 
   303     010F                     EEADRH          equ	271	;# 
   304     018C                     EECON1          equ	396	;# 
   305     018D                     EECON2          equ	397	;# 
   306     0000                     INDF            equ	0	;# 
   307     0001                     TMR0            equ	1	;# 
   308     0002                     PCL             equ	2	;# 
   309     0003                     STATUS          equ	3	;# 
   310     0004                     FSR             equ	4	;# 
   311     0005                     PORTA           equ	5	;# 
   312     0006                     PORTB           equ	6	;# 
   313     0007                     PORTC           equ	7	;# 
   314     0008                     PORTD           equ	8	;# 
   315     0009                     PORTE           equ	9	;# 
   316     000A                     PCLATH          equ	10	;# 
   317     000B                     INTCON          equ	11	;# 
   318     000C                     PIR1            equ	12	;# 
   319     000D                     PIR2            equ	13	;# 
   320     000E                     TMR1            equ	14	;# 
   321     000E                     TMR1L           equ	14	;# 
   322     000F                     TMR1H           equ	15	;# 
   323     0010                     T1CON           equ	16	;# 
   324     0011                     TMR2            equ	17	;# 
   325     0012                     T2CON           equ	18	;# 
   326     0013                     SSPBUF          equ	19	;# 
   327     0014                     SSPCON          equ	20	;# 
   328     0015                     CCPR1           equ	21	;# 
   329     0015                     CCPR1L          equ	21	;# 
   330     0016                     CCPR1H          equ	22	;# 
   331     0017                     CCP1CON         equ	23	;# 
   332     0018                     RCSTA           equ	24	;# 
   333     0019                     TXREG           equ	25	;# 
   334     001A                     RCREG           equ	26	;# 
   335     001B                     CCPR2           equ	27	;# 
   336     001B                     CCPR2L          equ	27	;# 
   337     001C                     CCPR2H          equ	28	;# 
   338     001D                     CCP2CON         equ	29	;# 
   339     001E                     ADRESH          equ	30	;# 
   340     001F                     ADCON0          equ	31	;# 
   341     0081                     OPTION_REG      equ	129	;# 
   342     0085                     TRISA           equ	133	;# 
   343     0086                     TRISB           equ	134	;# 
   344     0087                     TRISC           equ	135	;# 
   345     0088                     TRISD           equ	136	;# 
   346     0089                     TRISE           equ	137	;# 
   347     008C                     PIE1            equ	140	;# 
   348     008D                     PIE2            equ	141	;# 
   349     008E                     PCON            equ	142	;# 
   350     0091                     SSPCON2         equ	145	;# 
   351     0092                     PR2             equ	146	;# 
   352     0093                     SSPADD          equ	147	;# 
   353     0094                     SSPSTAT         equ	148	;# 
   354     0098                     TXSTA           equ	152	;# 
   355     0099                     SPBRG           equ	153	;# 
   356     009C                     CMCON           equ	156	;# 
   357     009D                     CVRCON          equ	157	;# 
   358     009E                     ADRESL          equ	158	;# 
   359     009F                     ADCON1          equ	159	;# 
   360     010C                     EEDATA          equ	268	;# 
   361     010D                     EEADR           equ	269	;# 
   362     010E                     EEDATH          equ	270	;# 
   363     010F                     EEADRH          equ	271	;# 
   364     018C                     EECON1          equ	396	;# 
   365     018D                     EECON2          equ	397	;# 
   366     0000                     INDF            equ	0	;# 
   367     0001                     TMR0            equ	1	;# 
   368     0002                     PCL             equ	2	;# 
   369     0003                     STATUS          equ	3	;# 
   370     0004                     FSR             equ	4	;# 
   371     0005                     PORTA           equ	5	;# 
   372     0006                     PORTB           equ	6	;# 
   373     0007                     PORTC           equ	7	;# 
   374     0008                     PORTD           equ	8	;# 
   375     0009                     PORTE           equ	9	;# 
   376     000A                     PCLATH          equ	10	;# 
   377     000B                     INTCON          equ	11	;# 
   378     000C                     PIR1            equ	12	;# 
   379     000D                     PIR2            equ	13	;# 
   380     000E                     TMR1            equ	14	;# 
   381     000E                     TMR1L           equ	14	;# 
   382     000F                     TMR1H           equ	15	;# 
   383     0010                     T1CON           equ	16	;# 
   384     0011                     TMR2            equ	17	;# 
   385     0012                     T2CON           equ	18	;# 
   386     0013                     SSPBUF          equ	19	;# 
   387     0014                     SSPCON          equ	20	;# 
   388     0015                     CCPR1           equ	21	;# 
   389     0015                     CCPR1L          equ	21	;# 
   390     0016                     CCPR1H          equ	22	;# 
   391     0017                     CCP1CON         equ	23	;# 
   392     0018                     RCSTA           equ	24	;# 
   393     0019                     TXREG           equ	25	;# 
   394     001A                     RCREG           equ	26	;# 
   395     001B                     CCPR2           equ	27	;# 
   396     001B                     CCPR2L          equ	27	;# 
   397     001C                     CCPR2H          equ	28	;# 
   398     001D                     CCP2CON         equ	29	;# 
   399     001E                     ADRESH          equ	30	;# 
   400     001F                     ADCON0          equ	31	;# 
   401     0081                     OPTION_REG      equ	129	;# 
   402     0085                     TRISA           equ	133	;# 
   403     0086                     TRISB           equ	134	;# 
   404     0087                     TRISC           equ	135	;# 
   405     0088                     TRISD           equ	136	;# 
   406     0089                     TRISE           equ	137	;# 
   407     008C                     PIE1            equ	140	;# 
   408     008D                     PIE2            equ	141	;# 
   409     008E                     PCON            equ	142	;# 
   410     0091                     SSPCON2         equ	145	;# 
   411     0092                     PR2             equ	146	;# 
   412     0093                     SSPADD          equ	147	;# 
   413     0094                     SSPSTAT         equ	148	;# 
   414     0098                     TXSTA           equ	152	;# 
   415     0099                     SPBRG           equ	153	;# 
   416     009C                     CMCON           equ	156	;# 
   417     009D                     CVRCON          equ	157	;# 
   418     009E                     ADRESL          equ	158	;# 
   419     009F                     ADCON1          equ	159	;# 
   420     010C                     EEDATA          equ	268	;# 
   421     010D                     EEADR           equ	269	;# 
   422     010E                     EEDATH          equ	270	;# 
   423     010F                     EEADRH          equ	271	;# 
   424     018C                     EECON1          equ	396	;# 
   425     018D                     EECON2          equ	397	;# 
   426                           
   427                           	psect	idataCOMMON
   428     017A                     __pidataCOMMON:
   429                           
   430                           ;initializer for read_digital_keypad@once
   431     017A  3401               	retlw	1
   432     0006                     _PORTB          set	6
   433     0008                     _PORTD          set	8
   434     0061                     _TMR2IF         set	97
   435     0090                     _T2CKPS0        set	144
   436     0091                     _T2CKPS1        set	145
   437     0092                     _TMR2ON         set	146
   438     0093                     _TOUTPS0        set	147
   439     0094                     _TOUTPS1        set	148
   440     0095                     _TOUTPS2        set	149
   441     0096                     _TOUTPS3        set	150
   442     0049                     _RE1            set	73
   443     004A                     _RE2            set	74
   444     005E                     _PEIE           set	94
   445     005F                     _GIE            set	95
   446     0092                     _PR2            set	146
   447     0086                     _TRISB          set	134
   448     0088                     _TRISD          set	136
   449     0461                     _TMR2IE         set	1121
   450     0449                     _TRISE1         set	1097
   451     044A                     _TRISE2         set	1098
   452                           
   453                           	psect	strings
   454     0128                     __pstrings:
   455     0128                     stringtab:
   456     0128                     __stringtab:
   457     0128                     stringcode:	
   458                           ;	String table - string pointers are 1 byte each
   459                           
   460     0128                     stringdir:
   461     0128  3001               	movlw	high stringdir
   462     0129  008A               	movwf	10
   463     012A  0804               	movf	4,w
   464     012B  0A84               	incf	4,f
   465     012C  0782               	addwf	2,f
   466     012D                     __stringbase:
   467     012D  3400               	retlw	0
   468     012E                     __end_of__stringtab:
   469     012E                     STR_1:
   470     012E  3450               	retlw	80	;'P'
   471     012F  3472               	retlw	114	;'r'
   472     0130  3465               	retlw	101	;'e'
   473     0131  3473               	retlw	115	;'s'
   474     0132  3473               	retlw	115	;'s'
   475     0133  3420               	retlw	32	;' '
   476     0134  346B               	retlw	107	;'k'
   477     0135  3465               	retlw	101	;'e'
   478     0136  3479               	retlw	121	;'y'
   479     0137  3420               	retlw	32	;' '
   480     0138  3435               	retlw	53	;'5'
   481     0139  3400               	retlw	0
   482     013A                     STR_2:
   483     013A  3450               	retlw	80	;'P'
   484     013B  346F               	retlw	111	;'o'
   485     013C  3477               	retlw	119	;'w'
   486     013D  3465               	retlw	101	;'e'
   487     013E  3472               	retlw	114	;'r'
   488     013F  3420               	retlw	32	;' '
   489     0140  344F               	retlw	79	;'O'
   490     0141  344E               	retlw	78	;'N'
   491     0142  3400               	retlw	0
   492                           
   493                           	psect	cinit
   494     000F                     start_initialization:	
   495                           ; #config settings
   496                           
   497     000F                     __initialization:
   498                           
   499                           ; Initialize objects allocated to COMMON
   500     000F  120A  118A  217A  120A  118A  	fcall	__pidataCOMMON	;fetch initializer
   501     0014  00FA               	movwf	__pdataCOMMON& (0+127)
   502                           
   503                           ; Clear objects allocated to COMMON
   504     0015  01F8               	clrf	__pbssCOMMON& (0+127)
   505     0016  01F9               	clrf	(__pbssCOMMON+1)& (0+127)
   506     0017                     end_of_initialization:	
   507                           ;End of C runtime variable initialization code
   508                           
   509     0017                     __end_of__initialization:
   510     0017  0183               	clrf	3
   511     0018  120A  118A  289C   	ljmp	_main	;jump to C main() function
   512                           
   513                           	psect	bssCOMMON
   514     0078                     __pbssCOMMON:
   515     0078                     _count:
   516     0078                     	ds	2
   517                           
   518                           	psect	dataCOMMON
   519     007A                     __pdataCOMMON:
   520     007A                     read_digital_keypad@once:
   521     007A                     	ds	1
   522                           
   523                           	psect	cstackCOMMON
   524     0070                     __pcstackCOMMON:
   525     0070                     ?_init_clcd:
   526     0070                     ?_init_digital_keypad:	
   527                           ; 1 bytes @ 0x0
   528                           
   529     0070                     ?_init_timer2:	
   530                           ; 1 bytes @ 0x0
   531                           
   532     0070                     ?_read_digital_keypad:	
   533                           ; 1 bytes @ 0x0
   534                           
   535     0070                     ?_init_config:	
   536                           ; 1 bytes @ 0x0
   537                           
   538     0070                     ?_main:	
   539                           ; 1 bytes @ 0x0
   540                           
   541     0070                     ?_init_display_controller:	
   542                           ; 1 bytes @ 0x0
   543                           
   544     0070                     ?_isr:	
   545                           ; 1 bytes @ 0x0
   546                           
   547     0070                     ??_isr:	
   548                           ; 1 bytes @ 0x0
   549                           
   550                           
   551                           ; 1 bytes @ 0x0
   552     0070                     	ds	2
   553     0072                     ?_clcd_write:
   554     0072                     clcd_write@mode:	
   555                           ; 1 bytes @ 0x2
   556                           
   557     0072                     ??_init_digital_keypad:	
   558                           ; 1 bytes @ 0x2
   559                           
   560     0072                     ??_init_timer2:	
   561                           ; 1 bytes @ 0x2
   562                           
   563     0072                     ??_read_digital_keypad:	
   564                           ; 1 bytes @ 0x2
   565                           
   566                           
   567                           ; 1 bytes @ 0x2
   568     0072                     	ds	1
   569     0073                     read_digital_keypad@mode:
   570     0073                     ??_clcd_write:	
   571                           ; 1 bytes @ 0x3
   572                           
   573                           
   574                           ; 1 bytes @ 0x3
   575     0073                     	ds	2
   576     0075                     clcd_write@byte:
   577                           
   578                           ; 1 bytes @ 0x5
   579     0075                     	ds	1
   580     0076                     ?_clcd_print:
   581     0076                     clcd_print@str:	
   582                           ; 1 bytes @ 0x6
   583                           
   584     0076                     ??_init_display_controller:	
   585                           ; 1 bytes @ 0x6
   586                           
   587                           
   588                           ; 1 bytes @ 0x6
   589     0076                     	ds	1
   590     0077                     clcd_print@addr:
   591                           
   592                           ; 1 bytes @ 0x7
   593     0077                     	ds	1
   594     0078                     ??_init_clcd:
   595     0078                     ??_clcd_print:	
   596                           ; 1 bytes @ 0x8
   597                           
   598     0078                     ??_init_config:	
   599                           ; 1 bytes @ 0x8
   600                           
   601     0078                     ??_main:	
   602                           ; 1 bytes @ 0x8
   603                           
   604                           
   605                           	psect	maintext
   606     009C                     __pmaintext:	
   607                           ; 1 bytes @ 0x8
   608 ;;
   609 ;;Main: autosize = 0, tempsize = 0, incstack = 0, save=0
   610 ;;
   611 ;; *************** function _main *****************
   612 ;; Defined at:
   613 ;;		line 28 in file "main.c"
   614 ;; Parameters:    Size  Location     Type
   615 ;;		None
   616 ;; Auto vars:     Size  Location     Type
   617 ;;		None
   618 ;; Return value:  Size  Location     Type
   619 ;;                  1    wreg      void 
   620 ;; Registers used:
   621 ;;		wreg, fsr0l, fsr0h, status,2, status,0, pclath, cstack
   622 ;; Tracked objects:
   623 ;;		On entry : B00/0
   624 ;;		On exit  : 0/0
   625 ;;		Unchanged: 0/0
   626 ;; Data sizes:     COMMON   BANK0   BANK1   BANK3   BANK2
   627 ;;      Params:         0       0       0       0       0
   628 ;;      Locals:         0       0       0       0       0
   629 ;;      Temps:          0       0       0       0       0
   630 ;;      Totals:         0       0       0       0       0
   631 ;;Total ram usage:        0 bytes
   632 ;; Hardware stack levels required when called: 5
   633 ;; This function calls:
   634 ;;		_clcd_print
   635 ;;		_init_config
   636 ;;		_read_digital_keypad
   637 ;; This function is called by:
   638 ;;		Startup code after reset
   639 ;; This function uses a non-reentrant model
   640 ;;
   641                           
   642     009C                     _main:	
   643                           ;psect for function _main
   644                           
   645     009C                     l813:	
   646                           ;incstack = 0
   647                           ; Regs used in _main: [wreg-fsr0h+status,2+status,0+pclath+cstack]
   648                           
   649     009C  120A  118A  2157  120A  118A  	fcall	_init_config
   650     00A1                     l815:
   651     00A1  3001               	movlw	(low ((STR_1-__stringbase)| (0+32768)))& (0+255)
   652     00A2  00F6               	movwf	clcd_print@str
   653     00A3  3081               	movlw	129
   654     00A4  00F7               	movwf	clcd_print@addr
   655     00A5  120A  118A  20C2  120A  118A  	fcall	_clcd_print
   656     00AA                     l817:
   657     00AA  300D               	movlw	(low ((STR_2-__stringbase)| (0+32768)))& (0+255)
   658     00AB  00F6               	movwf	clcd_print@str
   659     00AC  30C5               	movlw	197
   660     00AD  00F7               	movwf	clcd_print@addr
   661     00AE  120A  118A  20C2  120A  118A  	fcall	_clcd_print
   662     00B3                     l819:
   663     00B3  3001               	movlw	1
   664     00B4  120A  118A  2072  120A  118A  	fcall	_read_digital_keypad
   665     00B9  3A2F               	xorlw	47
   666     00BA  1D03               	skipz
   667     00BB  28BD               	goto	u141
   668     00BC  28BE               	goto	u140
   669     00BD                     u141:
   670     00BD  28B3               	goto	l819
   671     00BE                     u140:
   672     00BE                     l25:
   673     00BE  28BE               	goto	l25
   674     00BF  120A  118A  280C   	ljmp	start
   675     00C2                     __end_of_main:
   676                           
   677                           	psect	text1
   678     0072                     __ptext1:	
   679 ;; *************** function _read_digital_keypad *****************
   680 ;; Defined at:
   681 ;;		line 10 in file "digital_keypad.c"
   682 ;; Parameters:    Size  Location     Type
   683 ;;  mode            1    wreg     unsigned char 
   684 ;; Auto vars:     Size  Location     Type
   685 ;;  mode            1    3[COMMON] unsigned char 
   686 ;; Return value:  Size  Location     Type
   687 ;;                  1    wreg      unsigned char 
   688 ;; Registers used:
   689 ;;		wreg, status,2, status,0
   690 ;; Tracked objects:
   691 ;;		On entry : 0/0
   692 ;;		On exit  : 0/0
   693 ;;		Unchanged: 0/0
   694 ;; Data sizes:     COMMON   BANK0   BANK1   BANK3   BANK2
   695 ;;      Params:         0       0       0       0       0
   696 ;;      Locals:         1       0       0       0       0
   697 ;;      Temps:          1       0       0       0       0
   698 ;;      Totals:         2       0       0       0       0
   699 ;;Total ram usage:        2 bytes
   700 ;; Hardware stack levels used: 1
   701 ;; Hardware stack levels required when called: 1
   702 ;; This function calls:
   703 ;;		Nothing
   704 ;; This function is called by:
   705 ;;		_main
   706 ;; This function uses a non-reentrant model
   707 ;;
   708                           
   709     0072                     _read_digital_keypad:	
   710                           ;psect for function _read_digital_keypad
   711                           
   712                           
   713                           ;incstack = 0
   714                           ; Regs used in _read_digital_keypad: [wreg+status,2+status,0]
   715                           ;read_digital_keypad@mode stored from wreg
   716     0072  00F3               	movwf	read_digital_keypad@mode
   717     0073                     l713:
   718                           
   719                           ;digital_keypad.c: 10: unsigned char read_digital_keypad(unsigned char mode);digital_key
      +                          pad.c: 11: {;digital_keypad.c: 12:     static unsigned char once = 1;;digital_keypad.c: 
      +                          14:     if (mode == 0)
   720     0073  0873               	movf	read_digital_keypad@mode,w
   721     0074  1D03               	btfss	3,2
   722     0075  2877               	goto	u41
   723     0076  2878               	goto	u40
   724     0077                     u41:
   725     0077  287D               	goto	l721
   726     0078                     u40:
   727     0078                     l715:
   728                           
   729                           ;digital_keypad.c: 15:     {;digital_keypad.c: 16:         return PORTB & 0x3F;
   730     0078  1283               	bcf	3,5	;RP0=0, select bank0
   731     0079  1303               	bcf	3,6	;RP1=0, select bank0
   732     007A  0806               	movf	6,w	;volatile
   733     007B  393F               	andlw	63
   734     007C  289B               	goto	l73
   735     007D                     l721:
   736                           
   737                           ;digital_keypad.c: 19:     {;digital_keypad.c: 20:         if (((PORTB & 0x3F) != 0x3F) 
      +                          && once)
   738     007D  303F               	movlw	63
   739     007E  1283               	bcf	3,5	;RP0=0, select bank0
   740     007F  1303               	bcf	3,6	;RP1=0, select bank0
   741     0080  0506               	andwf	6,w	;volatile
   742     0081  00F2               	movwf	??_read_digital_keypad
   743     0082  303F               	movlw	63
   744     0083  0672               	xorwf	??_read_digital_keypad,w
   745     0084  1903               	btfsc	3,2
   746     0085  2887               	goto	u51
   747     0086  2888               	goto	u50
   748     0087                     u51:
   749     0087  288F               	goto	l733
   750     0088                     u50:
   751     0088                     l723:
   752     0088  087A               	movf	read_digital_keypad@once,w
   753     0089  1903               	btfsc	3,2
   754     008A  288C               	goto	u61
   755     008B  288D               	goto	u60
   756     008C                     u61:
   757     008C  288F               	goto	l733
   758     008D                     u60:
   759     008D                     l725:
   760                           
   761                           ;digital_keypad.c: 21:         {;digital_keypad.c: 22:             once = 0;
   762     008D  01FA               	clrf	read_digital_keypad@once
   763     008E  2878               	goto	l715
   764     008F                     l733:
   765     008F  303F               	movlw	63
   766     0090  0506               	andwf	6,w	;volatile
   767     0091  00F2               	movwf	??_read_digital_keypad
   768     0092  303F               	movlw	63
   769     0093  0672               	xorwf	??_read_digital_keypad,w
   770     0094  1D03               	btfss	3,2
   771     0095  2897               	goto	u71
   772     0096  2898               	goto	u70
   773     0097                     u71:
   774     0097  289A               	goto	l737
   775     0098                     u70:
   776     0098                     l735:
   777                           
   778                           ;digital_keypad.c: 27:         {;digital_keypad.c: 28:             once = 1;
   779     0098  3001               	movlw	1
   780     0099  00FA               	movwf	read_digital_keypad@once
   781     009A                     l737:
   782                           
   783                           ;digital_keypad.c: 32:     return 0x3F;
   784     009A  303F               	movlw	63
   785     009B                     l73:
   786     009B  0008               	return
   787     009C                     __end_of_read_digital_keypad:
   788                           
   789                           	psect	text2
   790     0157                     __ptext2:	
   791 ;; *************** function _init_config *****************
   792 ;; Defined at:
   793 ;;		line 14 in file "main.c"
   794 ;; Parameters:    Size  Location     Type
   795 ;;		None
   796 ;; Auto vars:     Size  Location     Type
   797 ;;		None
   798 ;; Return value:  Size  Location     Type
   799 ;;                  1    wreg      void 
   800 ;; Registers used:
   801 ;;		wreg, status,2, status,0, pclath, cstack
   802 ;; Tracked objects:
   803 ;;		On entry : 0/0
   804 ;;		On exit  : 0/0
   805 ;;		Unchanged: 0/0
   806 ;; Data sizes:     COMMON   BANK0   BANK1   BANK3   BANK2
   807 ;;      Params:         0       0       0       0       0
   808 ;;      Locals:         0       0       0       0       0
   809 ;;      Temps:          0       0       0       0       0
   810 ;;      Totals:         0       0       0       0       0
   811 ;;Total ram usage:        0 bytes
   812 ;; Hardware stack levels used: 1
   813 ;; Hardware stack levels required when called: 4
   814 ;; This function calls:
   815 ;;		_init_clcd
   816 ;;		_init_digital_keypad
   817 ;;		_init_timer2
   818 ;; This function is called by:
   819 ;;		_main
   820 ;; This function uses a non-reentrant model
   821 ;;
   822                           
   823     0157                     _init_config:	
   824                           ;psect for function _init_config
   825                           
   826     0157                     l797:	
   827                           ;incstack = 0
   828                           ; Regs used in _init_config: [wreg+status,2+status,0+pclath+cstack]
   829                           
   830                           
   831                           ;main.c: 16:       clcd_print("Power ON",(0xC0 + 5));
   832     0157  120A  118A  2169  120A  118A  	fcall	_init_clcd
   833                           
   834                           ;main.c: 18:       while( read_digital_keypad(1) != 0x2F);
   835     015C  120A  118A  2174  120A  118A  	fcall	_init_digital_keypad
   836     0161                     l799:
   837                           
   838                           ;main.c: 20: 
   839     0161  120A  118A  2143  120A  118A  	fcall	_init_timer2
   840     0166                     l801:
   841                           
   842                           ;main.c: 22: 
   843     0166  178B               	bsf	11,7	;volatile
   844     0167                     l803:
   845                           
   846                           ;main.c: 23: 
   847     0167  170B               	bsf	11,6	;volatile
   848     0168                     l17:
   849     0168  0008               	return
   850     0169                     __end_of_init_config:
   851                           
   852                           	psect	text3
   853     0143                     __ptext3:	
   854 ;; *************** function _init_timer2 *****************
   855 ;; Defined at:
   856 ;;		line 4 in file "timers.c"
   857 ;; Parameters:    Size  Location     Type
   858 ;;		None
   859 ;; Auto vars:     Size  Location     Type
   860 ;;		None
   861 ;; Return value:  Size  Location     Type
   862 ;;                  1    wreg      void 
   863 ;; Registers used:
   864 ;;		None
   865 ;; Tracked objects:
   866 ;;		On entry : 0/0
   867 ;;		On exit  : 0/0
   868 ;;		Unchanged: 0/0
   869 ;; Data sizes:     COMMON   BANK0   BANK1   BANK3   BANK2
   870 ;;      Params:         0       0       0       0       0
   871 ;;      Locals:         0       0       0       0       0
   872 ;;      Temps:          0       0       0       0       0
   873 ;;      Totals:         0       0       0       0       0
   874 ;;Total ram usage:        0 bytes
   875 ;; Hardware stack levels used: 1
   876 ;; Hardware stack levels required when called: 1
   877 ;; This function calls:
   878 ;;		Nothing
   879 ;; This function is called by:
   880 ;;		_init_config
   881 ;; This function uses a non-reentrant model
   882 ;;
   883                           
   884     0143                     _init_timer2:	
   885                           ;psect for function _init_timer2
   886                           
   887     0143                     l695:	
   888                           ;incstack = 0
   889                           ; Regs used in _init_timer2: []
   890                           
   891                           
   892                           ;timers.c: 9:     TOUTPS3 = 0;
   893     0143  1283               	bcf	3,5	;RP0=0, select bank0
   894     0144  1303               	bcf	3,6	;RP1=0, select bank0
   895     0145  1312               	bcf	18,6	;volatile
   896                           
   897                           ;timers.c: 10:     TOUTPS2 = 0;
   898     0146  1292               	bcf	18,5	;volatile
   899                           
   900                           ;timers.c: 11:     TOUTPS1 = 0;
   901     0147  1212               	bcf	18,4	;volatile
   902                           
   903                           ;timers.c: 12:     TOUTPS0 = 0;
   904     0148  1192               	bcf	18,3	;volatile
   905                           
   906                           ;timers.c: 16:     TMR2ON = 1;
   907     0149  1512               	bsf	18,2	;volatile
   908                           
   909                           ;timers.c: 19:     T2CKPS1 = 0;
   910     014A  1092               	bcf	18,1	;volatile
   911                           
   912                           ;timers.c: 20:     T2CKPS0 = 0;
   913     014B  1012               	bcf	18,0	;volatile
   914                           
   915                           ;timers.c: 23:     TMR2IE = 1;
   916     014C  1683               	bsf	3,5	;RP0=1, select bank1
   917     014D  1303               	bcf	3,6	;RP1=0, select bank1
   918     014E  148C               	bsf	12,1	;volatile
   919                           
   920                           ;timers.c: 27:     TMR2IF = 0;
   921     014F  1283               	bcf	3,5	;RP0=0, select bank0
   922     0150  1303               	bcf	3,6	;RP1=0, select bank0
   923     0151  108C               	bcf	12,1	;volatile
   924                           
   925                           ;timers.c: 30:     PR2 = 250;
   926     0152  30FA               	movlw	250
   927     0153  1683               	bsf	3,5	;RP0=1, select bank1
   928     0154  1303               	bcf	3,6	;RP1=0, select bank1
   929     0155  0092               	movwf	18	;volatile
   930     0156                     l100:
   931     0156  0008               	return
   932     0157                     __end_of_init_timer2:
   933                           
   934                           	psect	text4
   935     0174                     __ptext4:	
   936 ;; *************** function _init_digital_keypad *****************
   937 ;; Defined at:
   938 ;;		line 4 in file "digital_keypad.c"
   939 ;; Parameters:    Size  Location     Type
   940 ;;		None
   941 ;; Auto vars:     Size  Location     Type
   942 ;;		None
   943 ;; Return value:  Size  Location     Type
   944 ;;                  1    wreg      void 
   945 ;; Registers used:
   946 ;;		wreg, status,2
   947 ;; Tracked objects:
   948 ;;		On entry : 0/0
   949 ;;		On exit  : 0/0
   950 ;;		Unchanged: 0/0
   951 ;; Data sizes:     COMMON   BANK0   BANK1   BANK3   BANK2
   952 ;;      Params:         0       0       0       0       0
   953 ;;      Locals:         0       0       0       0       0
   954 ;;      Temps:          0       0       0       0       0
   955 ;;      Totals:         0       0       0       0       0
   956 ;;Total ram usage:        0 bytes
   957 ;; Hardware stack levels used: 1
   958 ;; Hardware stack levels required when called: 1
   959 ;; This function calls:
   960 ;;		Nothing
   961 ;; This function is called by:
   962 ;;		_init_config
   963 ;; This function uses a non-reentrant model
   964 ;;
   965                           
   966     0174                     _init_digital_keypad:	
   967                           ;psect for function _init_digital_keypad
   968                           
   969     0174                     l693:	
   970                           ;incstack = 0
   971                           ; Regs used in _init_digital_keypad: [wreg+status,2]
   972                           
   973                           
   974                           ;digital_keypad.c: 7:     TRISB = TRISB | 0x3F;
   975     0174  1683               	bsf	3,5	;RP0=1, select bank1
   976     0175  1303               	bcf	3,6	;RP1=0, select bank1
   977     0176  0806               	movf	6,w	;volatile
   978     0177  383F               	iorlw	63
   979     0178  0086               	movwf	6	;volatile
   980     0179                     l67:
   981     0179  0008               	return
   982     017A                     __end_of_init_digital_keypad:
   983                           
   984                           	psect	text5
   985     0169                     __ptext5:	
   986 ;; *************** function _init_clcd *****************
   987 ;; Defined at:
   988 ;;		line 37 in file "clcd.c"
   989 ;; Parameters:    Size  Location     Type
   990 ;;		None
   991 ;; Auto vars:     Size  Location     Type
   992 ;;		None
   993 ;; Return value:  Size  Location     Type
   994 ;;                  1    wreg      void 
   995 ;; Registers used:
   996 ;;		wreg, status,2, status,0, pclath, cstack
   997 ;; Tracked objects:
   998 ;;		On entry : 0/0
   999 ;;		On exit  : 0/0
  1000 ;;		Unchanged: 0/0
  1001 ;; Data sizes:     COMMON   BANK0   BANK1   BANK3   BANK2
  1002 ;;      Params:         0       0       0       0       0
  1003 ;;      Locals:         0       0       0       0       0
  1004 ;;      Temps:          0       0       0       0       0
  1005 ;;      Totals:         0       0       0       0       0
  1006 ;;Total ram usage:        0 bytes
  1007 ;; Hardware stack levels used: 1
  1008 ;; Hardware stack levels required when called: 3
  1009 ;; This function calls:
  1010 ;;		_init_display_controller
  1011 ;; This function is called by:
  1012 ;;		_init_config
  1013 ;; This function uses a non-reentrant model
  1014 ;;
  1015                           
  1016     0169                     _init_clcd:	
  1017                           ;psect for function _init_clcd
  1018                           
  1019     0169                     l789:	
  1020                           ;incstack = 0
  1021                           ; Regs used in _init_clcd: [wreg+status,2+status,0+pclath+cstack]
  1022                           
  1023                           
  1024                           ;clcd.c: 40:     TRISD = 0x00;
  1025     0169  1683               	bsf	3,5	;RP0=1, select bank1
  1026     016A  1303               	bcf	3,6	;RP1=0, select bank1
  1027     016B  0188               	clrf	8	;volatile
  1028     016C                     l791:
  1029                           
  1030                           ;clcd.c: 43:     TRISE2 = 0;
  1031     016C  1109               	bcf	9,2	;volatile
  1032     016D                     l793:
  1033                           
  1034                           ;clcd.c: 44:     TRISE1 = 0;
  1035     016D  1089               	bcf	9,1	;volatile
  1036     016E                     l795:
  1037                           
  1038                           ;clcd.c: 46:     init_display_controller();
  1039     016E  120A  118A  201B  120A  118A  	fcall	_init_display_controller
  1040     0173                     l51:
  1041     0173  0008               	return
  1042     0174                     __end_of_init_clcd:
  1043                           
  1044                           	psect	text6
  1045     001B                     __ptext6:	
  1046 ;; *************** function _init_display_controller *****************
  1047 ;; Defined at:
  1048 ;;		line 16 in file "clcd.c"
  1049 ;; Parameters:    Size  Location     Type
  1050 ;;		None
  1051 ;; Auto vars:     Size  Location     Type
  1052 ;;		None
  1053 ;; Return value:  Size  Location     Type
  1054 ;;                  1    wreg      void 
  1055 ;; Registers used:
  1056 ;;		wreg, status,2, status,0, pclath, cstack
  1057 ;; Tracked objects:
  1058 ;;		On entry : 0/0
  1059 ;;		On exit  : 0/0
  1060 ;;		Unchanged: 0/0
  1061 ;; Data sizes:     COMMON   BANK0   BANK1   BANK3   BANK2
  1062 ;;      Params:         0       0       0       0       0
  1063 ;;      Locals:         0       0       0       0       0
  1064 ;;      Temps:          2       0       0       0       0
  1065 ;;      Totals:         2       0       0       0       0
  1066 ;;Total ram usage:        2 bytes
  1067 ;; Hardware stack levels used: 1
  1068 ;; Hardware stack levels required when called: 2
  1069 ;; This function calls:
  1070 ;;		_clcd_write
  1071 ;; This function is called by:
  1072 ;;		_init_clcd
  1073 ;; This function uses a non-reentrant model
  1074 ;;
  1075                           
  1076     001B                     _init_display_controller:	
  1077                           ;psect for function _init_display_controller
  1078                           
  1079     001B                     l769:	
  1080                           ;incstack = 0
  1081                           ; Regs used in _init_display_controller: [wreg+status,2+status,0+pclath+cstack]
  1082                           
  1083                           
  1084                           ;clcd.c: 19:     _delay((unsigned long)((30)*(20000000/4000.0)));
  1085     001B  30C3               	movlw	195
  1086     001C  00F7               	movwf	??_init_display_controller+1
  1087     001D  30CD               	movlw	205
  1088     001E  00F6               	movwf	??_init_display_controller
  1089     001F                     u157:
  1090     001F  0BF6               	decfsz	??_init_display_controller,f
  1091     0020  281F               	goto	u157
  1092     0021  0BF7               	decfsz	??_init_display_controller+1,f
  1093     0022  281F               	goto	u157
  1094     0023                     l771:
  1095                           
  1096                           ;clcd.c: 22:     clcd_write(0x33, 0);
  1097     0023  01F2               	clrf	clcd_write@mode
  1098     0024  3033               	movlw	51
  1099     0025  120A  118A  2108  120A  118A  	fcall	_clcd_write
  1100     002A                     l773:
  1101                           
  1102                           ;clcd.c: 23:     _delay((unsigned long)((4100)*(20000000/4000000.0)));
  1103     002A  301B               	movlw	27
  1104     002B  00F7               	movwf	??_init_display_controller+1
  1105     002C  309E               	movlw	158
  1106     002D  00F6               	movwf	??_init_display_controller
  1107     002E                     u167:
  1108     002E  0BF6               	decfsz	??_init_display_controller,f
  1109     002F  282E               	goto	u167
  1110     0030  0BF7               	decfsz	??_init_display_controller+1,f
  1111     0031  282E               	goto	u167
  1112     0032  0000               	nop
  1113                           
  1114                           ;clcd.c: 24:     clcd_write(0x33, 0);
  1115     0033  01F2               	clrf	clcd_write@mode
  1116     0034  3033               	movlw	51
  1117     0035  120A  118A  2108  120A  118A  	fcall	_clcd_write
  1118     003A                     l775:
  1119                           
  1120                           ;clcd.c: 25:     _delay((unsigned long)((100)*(20000000/4000000.0)));
  1121     003A  30A6               	movlw	166
  1122     003B  00F6               	movwf	??_init_display_controller
  1123     003C                     u177:
  1124     003C  0BF6               	decfsz	??_init_display_controller,f
  1125     003D  283C               	goto	u177
  1126     003E  0000               	nop
  1127     003F                     l777:
  1128                           
  1129                           ;clcd.c: 26:     clcd_write(0x33, 0);
  1130     003F  01F2               	clrf	clcd_write@mode
  1131     0040  3033               	movlw	51
  1132     0041  120A  118A  2108  120A  118A  	fcall	_clcd_write
  1133     0046                     l779:
  1134                           
  1135                           ;clcd.c: 27:     _delay((unsigned long)((1)*(20000000/4000000.0)));
  1136     0046  2847               	nop2	;2 cycle nop
  1137     0047  2848               	nop2	;2 cycle nop
  1138     0048  0000               	nop
  1139     0049                     l781:
  1140                           
  1141                           ;clcd.c: 29:     clcd_write(0x3C, 0);
  1142     0049  01F2               	clrf	clcd_write@mode
  1143     004A  303C               	movlw	60
  1144     004B  120A  118A  2108  120A  118A  	fcall	_clcd_write
  1145     0050                     l783:
  1146                           
  1147                           ;clcd.c: 30:     _delay((unsigned long)((100)*(20000000/4000000.0)));
  1148     0050  30A6               	movlw	166
  1149     0051  00F6               	movwf	??_init_display_controller
  1150     0052                     u187:
  1151     0052  0BF6               	decfsz	??_init_display_controller,f
  1152     0053  2852               	goto	u187
  1153     0054  0000               	nop
  1154                           
  1155                           ;clcd.c: 31:     clcd_write(0x01, 0);
  1156     0055  01F2               	clrf	clcd_write@mode
  1157     0056  3001               	movlw	1
  1158     0057  120A  118A  2108  120A  118A  	fcall	_clcd_write
  1159     005C                     l785:
  1160                           
  1161                           ;clcd.c: 32:     _delay((unsigned long)((500)*(20000000/4000000.0)));
  1162     005C  3004               	movlw	4
  1163     005D  00F7               	movwf	??_init_display_controller+1
  1164     005E  303D               	movlw	61
  1165     005F  00F6               	movwf	??_init_display_controller
  1166     0060                     u197:
  1167     0060  0BF6               	decfsz	??_init_display_controller,f
  1168     0061  2860               	goto	u197
  1169     0062  0BF7               	decfsz	??_init_display_controller+1,f
  1170     0063  2860               	goto	u197
  1171     0064  2865               	nop2
  1172     0065                     l787:
  1173                           
  1174                           ;clcd.c: 33:     clcd_write(0x0C, 0);
  1175     0065  01F2               	clrf	clcd_write@mode
  1176     0066  300C               	movlw	12
  1177     0067  120A  118A  2108  120A  118A  	fcall	_clcd_write
  1178                           
  1179                           ;clcd.c: 34:     _delay((unsigned long)((100)*(20000000/4000000.0)));
  1180     006C  30A6               	movlw	166
  1181     006D  00F6               	movwf	??_init_display_controller
  1182     006E                     u207:
  1183     006E  0BF6               	decfsz	??_init_display_controller,f
  1184     006F  286E               	goto	u207
  1185     0070  0000               	nop
  1186     0071                     l48:
  1187     0071  0008               	return
  1188     0072                     __end_of_init_display_controller:
  1189                           
  1190                           	psect	text7
  1191     00C2                     __ptext7:	
  1192 ;; *************** function _clcd_print *****************
  1193 ;; Defined at:
  1194 ;;		line 55 in file "clcd.c"
  1195 ;; Parameters:    Size  Location     Type
  1196 ;;  str             1    6[COMMON] PTR const unsigned char 
  1197 ;;		 -> STR_2(9), STR_1(12), 
  1198 ;;  addr            1    7[COMMON] unsigned char 
  1199 ;; Auto vars:     Size  Location     Type
  1200 ;;		None
  1201 ;; Return value:  Size  Location     Type
  1202 ;;                  1    wreg      void 
  1203 ;; Registers used:
  1204 ;;		wreg, fsr0l, fsr0h, status,2, status,0, pclath, cstack
  1205 ;; Tracked objects:
  1206 ;;		On entry : 0/0
  1207 ;;		On exit  : 0/0
  1208 ;;		Unchanged: 0/0
  1209 ;; Data sizes:     COMMON   BANK0   BANK1   BANK3   BANK2
  1210 ;;      Params:         2       0       0       0       0
  1211 ;;      Locals:         0       0       0       0       0
  1212 ;;      Temps:          0       0       0       0       0
  1213 ;;      Totals:         2       0       0       0       0
  1214 ;;Total ram usage:        2 bytes
  1215 ;; Hardware stack levels used: 1
  1216 ;; Hardware stack levels required when called: 2
  1217 ;; This function calls:
  1218 ;;		_clcd_write
  1219 ;; This function is called by:
  1220 ;;		_main
  1221 ;; This function uses a non-reentrant model
  1222 ;;
  1223                           
  1224     00C2                     _clcd_print:	
  1225                           ;psect for function _clcd_print
  1226                           
  1227     00C2                     l805:	
  1228                           ;incstack = 0
  1229                           ; Regs used in _clcd_print: [wreg-fsr0h+status,2+status,0+pclath+cstack]
  1230                           
  1231                           
  1232                           ;clcd.c: 55: void clcd_print(const char *str, unsigned char addr);clcd.c: 56: {;clcd.c: 
      +                          57:     clcd_write(addr, 0);
  1233     00C2  01F2               	clrf	clcd_write@mode
  1234     00C3  0877               	movf	clcd_print@addr,w
  1235     00C4  120A  118A  2108  120A  118A  	fcall	_clcd_write
  1236                           
  1237                           ;clcd.c: 59:     while (*str != '\0')
  1238     00C9  28DA               	goto	l811
  1239     00CA                     l807:
  1240                           
  1241                           ;clcd.c: 60:     {;clcd.c: 61:         clcd_write(*str, 1);
  1242     00CA  01F2               	clrf	clcd_write@mode
  1243     00CB  0AF2               	incf	clcd_write@mode,f
  1244     00CC  0876               	movf	clcd_print@str,w
  1245     00CD  0084               	movwf	4
  1246     00CE  120A  118A  2128  120A  118A  	fcall	stringdir
  1247     00D3  120A  118A  2108  120A  118A  	fcall	_clcd_write
  1248     00D8                     l809:
  1249                           
  1250                           ;clcd.c: 62:         str++;
  1251     00D8  3001               	movlw	1
  1252     00D9  07F6               	addwf	clcd_print@str,f
  1253     00DA                     l811:
  1254                           
  1255                           ;clcd.c: 59:     while (*str != '\0')
  1256     00DA  0876               	movf	clcd_print@str,w
  1257     00DB  0084               	movwf	4
  1258     00DC  120A  118A  2128  120A  118A  	fcall	stringdir
  1259     00E1  3A00               	xorlw	0
  1260     00E2  1D03               	skipz
  1261     00E3  28E5               	goto	u131
  1262     00E4  28E6               	goto	u130
  1263     00E5                     u131:
  1264     00E5  28CA               	goto	l807
  1265     00E6                     u130:
  1266     00E6                     l60:
  1267     00E6  0008               	return
  1268     00E7                     __end_of_clcd_print:
  1269                           
  1270                           	psect	text8
  1271     0108                     __ptext8:	
  1272 ;; *************** function _clcd_write *****************
  1273 ;; Defined at:
  1274 ;;		line 4 in file "clcd.c"
  1275 ;; Parameters:    Size  Location     Type
  1276 ;;  byte            1    wreg     unsigned char 
  1277 ;;  mode            1    2[COMMON] unsigned char 
  1278 ;; Auto vars:     Size  Location     Type
  1279 ;;  byte            1    5[COMMON] unsigned char 
  1280 ;; Return value:  Size  Location     Type
  1281 ;;                  1    wreg      void 
  1282 ;; Registers used:
  1283 ;;		wreg
  1284 ;; Tracked objects:
  1285 ;;		On entry : 0/0
  1286 ;;		On exit  : 0/0
  1287 ;;		Unchanged: 0/0
  1288 ;; Data sizes:     COMMON   BANK0   BANK1   BANK3   BANK2
  1289 ;;      Params:         1       0       0       0       0
  1290 ;;      Locals:         1       0       0       0       0
  1291 ;;      Temps:          2       0       0       0       0
  1292 ;;      Totals:         4       0       0       0       0
  1293 ;;Total ram usage:        4 bytes
  1294 ;; Hardware stack levels used: 1
  1295 ;; Hardware stack levels required when called: 1
  1296 ;; This function calls:
  1297 ;;		Nothing
  1298 ;; This function is called by:
  1299 ;;		_init_display_controller
  1300 ;;		_clcd_print
  1301 ;;		_clcd_putch
  1302 ;; This function uses a non-reentrant model
  1303 ;;
  1304                           
  1305     0108                     _clcd_write:	
  1306                           ;psect for function _clcd_write
  1307                           
  1308                           
  1309                           ;incstack = 0
  1310                           ; Regs used in _clcd_write: [wreg]
  1311                           ;clcd_write@byte stored from wreg
  1312     0108  00F5               	movwf	clcd_write@byte
  1313     0109                     l761:
  1314                           
  1315                           ;clcd.c: 4: void clcd_write(unsigned char byte, unsigned char mode);clcd.c: 5: {;clcd.c:
      +                           6:     RE2 = mode;
  1316     0109  1872               	btfsc	clcd_write@mode,0
  1317     010A  290C               	goto	u111
  1318     010B  2910               	goto	u110
  1319     010C                     u111:
  1320     010C  1283               	bcf	3,5	;RP0=0, select bank0
  1321     010D  1303               	bcf	3,6	;RP1=0, select bank0
  1322     010E  1509               	bsf	9,2	;volatile
  1323     010F  2913               	goto	u124
  1324     0110                     u110:
  1325     0110  1283               	bcf	3,5	;RP0=0, select bank0
  1326     0111  1303               	bcf	3,6	;RP1=0, select bank0
  1327     0112  1109               	bcf	9,2	;volatile
  1328     0113                     u124:
  1329     0113                     l763:
  1330                           
  1331                           ;clcd.c: 7:     PORTD = byte;
  1332     0113  0875               	movf	clcd_write@byte,w
  1333     0114  0088               	movwf	8	;volatile
  1334     0115                     l765:
  1335                           
  1336                           ;clcd.c: 9:     RE1 = 1;
  1337     0115  1489               	bsf	9,1	;volatile
  1338                           
  1339                           ;clcd.c: 10:     _delay((unsigned long)((100)*(20000000/4000000.0)));
  1340     0116  30A6               	movlw	166
  1341     0117  00F3               	movwf	??_clcd_write
  1342     0118                     u217:
  1343     0118  0BF3               	decfsz	??_clcd_write,f
  1344     0119  2918               	goto	u217
  1345     011A  0000               	nop
  1346     011B                     l767:
  1347                           
  1348                           ;clcd.c: 11:     RE1 = 0;
  1349     011B  1283               	bcf	3,5	;RP0=0, select bank0
  1350     011C  1303               	bcf	3,6	;RP1=0, select bank0
  1351     011D  1089               	bcf	9,1	;volatile
  1352                           
  1353                           ;clcd.c: 13:     _delay((unsigned long)((4100)*(20000000/4000000.0)));
  1354     011E  301B               	movlw	27
  1355     011F  00F4               	movwf	??_clcd_write+1
  1356     0120  309E               	movlw	158
  1357     0121  00F3               	movwf	??_clcd_write
  1358     0122                     u227:
  1359     0122  0BF3               	decfsz	??_clcd_write,f
  1360     0123  2922               	goto	u227
  1361     0124  0BF4               	decfsz	??_clcd_write+1,f
  1362     0125  2922               	goto	u227
  1363     0126  0000               	nop
  1364     0127                     l45:
  1365     0127  0008               	return
  1366     0128                     __end_of_clcd_write:
  1367                           
  1368                           	psect	text9
  1369     00E7                     __ptext9:	
  1370 ;; *************** function _isr *****************
  1371 ;; Defined at:
  1372 ;;		line 4 in file "isr.c"
  1373 ;; Parameters:    Size  Location     Type
  1374 ;;		None
  1375 ;; Auto vars:     Size  Location     Type
  1376 ;;		None
  1377 ;; Return value:  Size  Location     Type
  1378 ;;                  1    wreg      void 
  1379 ;; Registers used:
  1380 ;;		wreg, status,2, status,0
  1381 ;; Tracked objects:
  1382 ;;		On entry : 0/0
  1383 ;;		On exit  : 0/0
  1384 ;;		Unchanged: 0/0
  1385 ;; Data sizes:     COMMON   BANK0   BANK1   BANK3   BANK2
  1386 ;;      Params:         0       0       0       0       0
  1387 ;;      Locals:         0       0       0       0       0
  1388 ;;      Temps:          2       0       0       0       0
  1389 ;;      Totals:         2       0       0       0       0
  1390 ;;Total ram usage:        2 bytes
  1391 ;; Hardware stack levels used: 1
  1392 ;; This function calls:
  1393 ;;		Nothing
  1394 ;; This function is called by:
  1395 ;;		Interrupt level 1
  1396 ;; This function uses a non-reentrant model
  1397 ;;
  1398                           
  1399     00E7                     _isr:	
  1400                           ;psect for function _isr
  1401                           
  1402     00E7                     i1l751:
  1403                           
  1404                           ;isr.c: 6:     if(TMR2IF)
  1405     00E7  1283               	bcf	3,5	;RP0=0, select bank0
  1406     00E8  1303               	bcf	3,6	;RP1=0, select bank0
  1407     00E9  1C8C               	btfss	12,1	;volatile
  1408     00EA  28EC               	goto	u9_21
  1409     00EB  28ED               	goto	u9_20
  1410     00EC                     u9_21:
  1411     00EC  2901               	goto	i1l113
  1412     00ED                     u9_20:
  1413     00ED                     i1l753:
  1414                           
  1415                           ;isr.c: 7:     {;isr.c: 8:         if( ++count == 20000)
  1416     00ED  3001               	movlw	1
  1417     00EE  07F8               	addwf	_count,f
  1418     00EF  1803               	skipnc
  1419     00F0  0AF9               	incf	_count+1,f
  1420     00F1  3000               	movlw	0
  1421     00F2  07F9               	addwf	_count+1,f
  1422     00F3  3020               	movlw	32
  1423     00F4  0678               	xorwf	_count,w
  1424     00F5  304E               	movlw	78
  1425     00F6  1903               	skipnz
  1426     00F7  0679               	xorwf	_count+1,w
  1427     00F8  1D03               	btfss	3,2
  1428     00F9  28FB               	goto	u10_21
  1429     00FA  28FC               	goto	u10_20
  1430     00FB                     u10_21:
  1431     00FB  2900               	goto	i1l759
  1432     00FC                     u10_20:
  1433     00FC                     i1l755:
  1434                           
  1435                           ;isr.c: 9:         {;isr.c: 10:             count = 0;
  1436     00FC  01F8               	clrf	_count
  1437     00FD  01F9               	clrf	_count+1
  1438     00FE                     i1l757:
  1439                           
  1440                           ;isr.c: 12:             PORTD = ~PORTD;
  1441     00FE  0908               	comf	8,w	;volatile
  1442     00FF  0088               	movwf	8	;volatile
  1443     0100                     i1l759:
  1444                           
  1445                           ;isr.c: 15:         TMR2IF = 0;
  1446     0100  108C               	bcf	12,1	;volatile
  1447     0101                     i1l113:
  1448     0101  0871               	movf	??_isr+1,w
  1449     0102  008A               	movwf	10
  1450     0103  0E70               	swapf	??_isr,w
  1451     0104  0083               	movwf	3
  1452     0105  0EFE               	swapf	btemp,f
  1453     0106  0E7E               	swapf	btemp,w
  1454     0107  0009               	retfie
  1455     0108                     __end_of_isr:
  1456     0002                     ___latbits      equ	2
  1457     007E                     btemp           set	126	;btemp
  1458     007E                     wtemp0          set	126
  1459                           
  1460                           	psect	intentry
  1461     0004                     __pintentry:	
  1462                           ;incstack = 0
  1463                           ; Regs used in _isr: [wreg+status,2+status,0]
  1464                           
  1465     0004                     interrupt_function:
  1466     007E                     saved_w         set	btemp
  1467     0004  00FE               	movwf	btemp
  1468     0005  0E03               	swapf	3,w
  1469     0006  00F0               	movwf	??_isr
  1470     0007  080A               	movf	10,w
  1471     0008  00F1               	movwf	??_isr+1
  1472     0009  120A  118A  28E7   	ljmp	_isr
  1473                           
  1474                           	psect	config
  1475                           
  1476                           ;Config register CONFIG @ 0x2007
  1477                           ;	Oscillator Selection bits
  1478                           ;	FOSC = 0x3, unprogrammed default
  1479                           ;	Watchdog Timer Enable bit
  1480                           ;	WDTE = OFF, WDT disabled
  1481                           ;	Power-up Timer Enable bit
  1482                           ;	PWRTE = 0x1, unprogrammed default
  1483                           ;	Brown-out Reset Enable bit
  1484                           ;	BOREN = 0x1, unprogrammed default
  1485                           ;	Low-Voltage (Single-Supply) In-Circuit Serial Programming Enable bit
  1486                           ;	LVP = 0x1, unprogrammed default
  1487                           ;	Data EEPROM Memory Code Protection bit
  1488                           ;	CPD = 0x1, unprogrammed default
  1489                           ;	Flash Program Memory Write Enable bits
  1490                           ;	WRT = 0x3, unprogrammed default
  1491                           ;	In-Circuit Debugger Mode bit
  1492                           ;	DEBUG = 0x1, unprogrammed default
  1493                           ;	Flash Program Memory Code Protection bit
  1494                           ;	CP = 0x1, unprogrammed default
  1495     2007                     	org	8199
  1496     2007  3FFB               	dw	16379

Data Sizes:
    Strings     21
    Constant    0
    Data        1
    BSS         2
    Persistent  0
    Stack       0

Auto Spaces:
    Space          Size  Autos    Used
    COMMON           14      8      11
    BANK0            80      0       0
    BANK1            80      0       0
    BANK3            96      0       0
    BANK2            96      0       0

Pointer List with Targets:

    clcd_print@str	PTR const unsigned char  size(1) Largest target is 12
		 -> STR_1(CODE[12]), STR_2(CODE[9]), 


Critical Paths under _main in COMMON

    _main->_clcd_print
    _init_clcd->_init_display_controller
    _init_display_controller->_clcd_write
    _clcd_print->_clcd_write

Critical Paths under _isr in COMMON

    None.

Critical Paths under _main in BANK0

    None.

Critical Paths under _isr in BANK0

    None.

Critical Paths under _main in BANK1

    None.

Critical Paths under _isr in BANK1

    None.

Critical Paths under _main in BANK3

    None.

Critical Paths under _isr in BANK3

    None.

Critical Paths under _main in BANK2

    None.

Critical Paths under _isr in BANK2

    None.

Call Graph Tables:

 ---------------------------------------------------------------------------------
 (Depth) Function   	        Calls       Base Space   Used Autos Params    Refs
 ---------------------------------------------------------------------------------
 (0) _main                                                 0     0      0     208
                         _clcd_print
                        _init_config
                _read_digital_keypad
 ---------------------------------------------------------------------------------
 (1) _read_digital_keypad                                  2     2      0      15
                                              2 COMMON     2     2      0
 ---------------------------------------------------------------------------------
 (1) _init_config                                          0     0      0      61
                          _init_clcd
                _init_digital_keypad
                        _init_timer2
 ---------------------------------------------------------------------------------
 (2) _init_timer2                                          0     0      0       0
 ---------------------------------------------------------------------------------
 (2) _init_digital_keypad                                  0     0      0       0
 ---------------------------------------------------------------------------------
 (2) _init_clcd                                            0     0      0      61
            _init_display_controller
 ---------------------------------------------------------------------------------
 (3) _init_display_controller                              2     2      0      61
                                              6 COMMON     2     2      0
                         _clcd_write
 ---------------------------------------------------------------------------------
 (1) _clcd_print                                           2     0      2     132
                                              6 COMMON     2     0      2
                         _clcd_write
 ---------------------------------------------------------------------------------
 (4) _clcd_write                                           4     3      1      61
                                              2 COMMON     4     3      1
 ---------------------------------------------------------------------------------
 Estimated maximum stack depth 4
 ---------------------------------------------------------------------------------
 (Depth) Function   	        Calls       Base Space   Used Autos Params    Refs
 ---------------------------------------------------------------------------------
 (5) _isr                                                  2     2      0       0
                                              0 COMMON     2     2      0
 ---------------------------------------------------------------------------------
 Estimated maximum stack depth 5
 ---------------------------------------------------------------------------------

 Call Graph Graphs:

 _main (ROOT)
   _clcd_print
     _clcd_write
   _init_config
     _init_clcd
       _init_display_controller
         _clcd_write
     _init_digital_keypad
     _init_timer2
   _read_digital_keypad

 _isr (ROOT)

Address spaces:
Name               Size   Autos  Total    Usage
BANK3               96      0       0      0.0%
BITBANK3            96      0       0      0.0%
BANK2               96      0       0      0.0%
BITBANK2            96      0       0      0.0%
BANK1               80      0       0      0.0%
BITBANK1            80      0       0      0.0%
BANK0               80      0       0      0.0%
BITBANK0            80      0       0      0.0%
COMMON              14      8      11     78.6%
BITCOMMON           14      0       0      0.0%
DATA                 0      0      11      0.0%
STACK                0      0       0      0.0%


Microchip Technology PIC Macro Assembler V3.00 build 20241204225717 
Symbol Table                                                                                   Wed Jun 18 12:59:41 2025

                              pc 0002                   clcd_print@addr 0077                               l17 0168  
                             l25 00BE                               l51 0173                               l60 00E6  
                             l45 0127                               l48 0071                               l73 009B  
                             l67 0179                               u40 0078                               u41 0077  
                             u50 0088                               u51 0087                               u60 008D  
                             u61 008C                               u70 0098                               u71 0097  
                             fsr 0004                              l100 0156                              l801 0166  
                            l721 007D                              l713 0073                              l811 00DA  
                            l803 0167                              l723 0088                              l715 0078  
                            l805 00C2                              l725 008D                              l733 008F  
                            l813 009C                              l807 00CA                              l735 0098  
                            l815 00A1                              l761 0109                              l809 00D8  
                            l737 009A                              l817 00AA                              l763 0113  
                            l771 0023                              l819 00B3                              l765 0115  
                            l781 0049                              l773 002A                              l693 0174  
                            l767 011B                              l783 0050                              l775 003A  
                            l791 016C                              l695 0143                              l785 005C  
                            l777 003F                              l769 001B                              l793 016D  
                            l787 0065                              l779 0046                              l795 016E  
                            l789 0169                              l797 0157                              l799 0161  
                            _GIE 005F                              _RE1 0049                              _RE2 004A  
                            u110 0110                              u111 010C                              u130 00E6  
                            u131 00E5                              u124 0113                              u140 00BE  
                            u141 00BD                              u207 006E                              u217 0118  
                            u227 0122                              u157 001F                              _PR2 0092  
                            u167 002E                              u177 003C                              u187 0052  
                            u197 0060                              _isr 00E7                              fsr0 0004  
          ??_read_digital_keypad 0072                             ?_isr 0070                             STR_1 012E  
                           STR_2 013A                             _PEIE 005E                             u9_20 00ED  
                           u9_21 00EC                             _main 009C                             btemp 007E  
                           start 000C                   clcd_write@byte 0075                   clcd_write@mode 0072  
                          ??_isr 0070                            ?_main 0070                            i1l113 0101  
                   ?_init_config 0070                            i1l751 00E7                            i1l753 00ED  
                          i1l755 00FC                            i1l757 00FE                            i1l759 0100  
                          u10_20 00FC                            u10_21 00FB                            _PORTB 0006  
                          _PORTD 0008                            _TRISB 0086                            _TRISD 0088  
                   ?_init_timer2 0070                            _count 0078                            pclath 000A  
                          status 0003                            wtemp0 007E                  __initialization 000F  
                   __end_of_main 00C2                           ??_main 0078                           _TMR2IE 0461  
                         _TMR2IF 0061                           _TMR2ON 0092                           _TRISE1 0449  
                         _TRISE2 044A      __end_of_init_digital_keypad 017A          _init_display_controller 001B  
                   __pdataCOMMON 007A                           saved_w 007E          __end_of__initialization 0017  
                 __pcstackCOMMON 0070        ??_init_display_controller 0076                       _clcd_print 00C2  
                     _clcd_write 0108                       __pmaintext 009C                       __pintentry 0004  
                        _T2CKPS0 0090                          _T2CKPS1 0091      __end_of_read_digital_keypad 009C  
                        _TOUTPS0 0093                          _TOUTPS1 0094                          _TOUTPS2 0095  
                        _TOUTPS3 0096                       __stringtab 0128                          __ptext1 0072  
                        __ptext2 0157                          __ptext3 0143                          __ptext4 0174  
                        __ptext5 0169                          __ptext6 001B                          __ptext7 00C2  
                        __ptext8 0108                          __ptext9 00E7  __end_of_init_display_controller 0072  
              __end_of_init_clcd 0174             end_of_initialization 0017                      ?_clcd_print 0076  
                    ?_clcd_write 0072                    clcd_print@str 0076                    __pidataCOMMON 017A  
            start_initialization 000F                      __end_of_isr 0108                    ??_init_config 0078  
                  ??_init_timer2 0072                      __pbssCOMMON 0078                        ___latbits 0002  
                      __pstrings 0128                        _init_clcd 0169              __end_of_init_config 0169  
            __end_of_init_timer2 0157         ?_init_display_controller 0070                interrupt_function 0004  
                   ??_clcd_print 0078                     ??_clcd_write 0073                      __stringbase 012D  
             __end_of_clcd_print 00E7               __end_of_clcd_write 0128                       ?_init_clcd 0070  
            _init_digital_keypad 0174             ?_init_digital_keypad 0070               __end_of__stringtab 012E  
                    _init_config 0157                      _init_timer2 0143          read_digital_keypad@mode 0073  
        read_digital_keypad@once 007A            ??_init_digital_keypad 0072                      ??_init_clcd 0078  
                       intlevel1 0000                        stringcode 0128              _read_digital_keypad 0072  
                       stringdir 0128                         stringtab 0128             ?_read_digital_keypad 0070  
